<?xml version="1.0" encoding="UTF-8"?>
<!-- Generated by org.testng.reporters.JUnitReportReporter -->
<testsuite skipped="0" hostname="DESKTOP-CGQIUI2" name="Day18.TestNgClassSecond" tests="1" failures="0" timestamp="2023-01-08T09:55:21 IST" time="0.004" errors="0">
  <testcase name="xyz" time="0.004" classname="Day18.TestNgClassSecond"/>
  <system-out/>
</testsuite> <!-- Day18.TestNgClassSecond -->
