<?xml version="1.0" encoding="UTF-8"?>
<!-- Generated by org.testng.reporters.JUnitReportReporter -->
<testsuite skipped="0" hostname="DESKTOP-CGQIUI2" name="Day23.VerificationPoints" tests="1" failures="0" timestamp="2023-01-13T18:51:54 IST" time="5.601" errors="0">
  <testcase name="isDisplayed" time="5.601" classname="Day23.VerificationPoints"/>
  <system-out/>
</testsuite> <!-- Day23.VerificationPoints -->
