<?xml version="1.0" encoding="UTF-8"?>
<!-- Generated by org.testng.reporters.JUnitReportReporter -->
<testsuite skipped="0" hostname="DESKTOP-CGQIUI2" name="Day23.DataDrivenFramework" tests="3" failures="0" timestamp="2023-01-14T13:11:01 IST" time="0.014" errors="0">
  <testcase name="method" time="0.004" classname="Day23.DataDrivenFramework"/>
  <system-out/>
  <testcase name="method" time="0.005" classname="Day23.DataDrivenFramework"/>
  <system-out/>
  <testcase name="method" time="0.005" classname="Day23.DataDrivenFramework"/>
  <system-out/>
</testsuite> <!-- Day23.DataDrivenFramework -->
