<?xml version="1.0" encoding="UTF-8"?>
<!-- Generated by org.testng.reporters.JUnitReportReporter -->
<testsuite skipped="0" hostname="DESKTOP-CGQIUI2" name="org.testing.TestScripts.TC4" tests="1" failures="0" timestamp="2023-01-12T13:15:55 IST" time="51.151" errors="0">
  <testcase name="TestClass4" time="51.151" classname="org.testing.TestScripts.TC4"/>
  <system-out/>
</testsuite> <!-- org.testing.TestScripts.TC4 -->
