<?xml version="1.0" encoding="UTF-8"?>
<!-- Generated by org.testng.reporters.JUnitReportReporter -->
<testsuite skipped="0" hostname="DESKTOP-CGQIUI2" name="org.testing.TestScripts.TC6" tests="1" failures="0" timestamp="2023-01-12T13:15:56 IST" time="68.511" errors="0">
  <testcase name="TestClass6" time="68.511" classname="org.testing.TestScripts.TC6"/>
  <system-out/>
</testsuite> <!-- org.testing.TestScripts.TC6 -->
