<?xml version="1.0" encoding="UTF-8"?>
<!-- Generated by org.testng.reporters.JUnitReportReporter -->
<testsuite skipped="0" hostname="DESKTOP-CGQIUI2" name="org.testing.TestScripts.TC3" tests="1" failures="0" timestamp="2023-01-12T13:15:56 IST" time="48.562" errors="0">
  <testcase name="TestClass3" time="48.562" classname="org.testing.TestScripts.TC3"/>
  <system-out/>
</testsuite> <!-- org.testing.TestScripts.TC3 -->
