<?xml version="1.0" encoding="UTF-8"?>
<!-- Generated by org.testng.reporters.JUnitReportReporter -->
<testsuite skipped="0" hostname="DESKTOP-CGQIUI2" name="org.testing.TestScripts.TC2" tests="1" failures="0" timestamp="2023-01-12T13:15:56 IST" time="49.192" errors="0">
  <testcase name="TestClass2" time="49.192" classname="org.testing.TestScripts.TC2"/>
  <system-out/>
</testsuite> <!-- org.testing.TestScripts.TC2 -->
