<?xml version="1.0" encoding="UTF-8"?>
<!-- Generated by org.testng.reporters.JUnitReportReporter -->
<testsuite skipped="0" hostname="DESKTOP-CGQIUI2" name="org.testing.TestScripts.Test1" tests="1" failures="0" timestamp="2023-01-13T16:48:24 IST" time="51.179" errors="0">
  <testcase name="Test" time="51.179" classname="org.testing.TestScripts.Test1"/>
  <system-out/>
</testsuite> <!-- org.testing.TestScripts.Test1 -->
