<?xml version="1.0" encoding="UTF-8"?>
<!-- Generated by org.testng.reporters.JUnitReportReporter -->
<testsuite skipped="0" hostname="DESKTOP-CGQIUI2" name="org.testing.TestScripts.Test7" tests="1" failures="0" timestamp="2023-01-13T16:41:42 IST" time="55.906" errors="0">
  <testcase name="TestClass4" time="55.906" classname="org.testing.TestScripts.Test7"/>
  <system-out/>
</testsuite> <!-- org.testing.TestScripts.Test7 -->
