<?xml version="1.0" encoding="UTF-8"?>
<!-- Generated by org.testng.reporters.JUnitReportReporter -->
<testsuite skipped="0" hostname="DESKTOP-CGQIUI2" name="org.testing.TestScripts.Test2" tests="1" failures="0" timestamp="2023-01-13T16:41:42 IST" time="49.614" errors="0">
  <testcase name="TestClass2" time="49.614" classname="org.testing.TestScripts.Test2"/>
  <system-out/>
</testsuite> <!-- org.testing.TestScripts.Test2 -->
